2019-01-04 09:10:23.789  INFO 13200 --- [restartedMain] com.yts.ytsoa.YtsoaApplication           : Starting YtsoaApplication on DESKTOP-9NJRDRK with PID 13200 (D:\work\ideasp\ytsoa\target\classes started by liudo in D:\work\ideasp\ytsoa)
2019-01-04 09:10:23.845 DEBUG 13200 --- [restartedMain] com.yts.ytsoa.YtsoaApplication           : Running with Spring Boot v2.1.1.RELEASE, Spring v5.1.3.RELEASE
2019-01-04 09:10:23.847  INFO 13200 --- [restartedMain] com.yts.ytsoa.YtsoaApplication           : The following profiles are active: dev
2019-01-04 09:10:23.957  INFO 13200 --- [restartedMain] .e.DevToolsPropertyDefaultsPostProcessor : Devtools property defaults active! Set 'spring.devtools.add-properties' to 'false' to disable
2019-01-04 09:10:23.957  INFO 13200 --- [restartedMain] .e.DevToolsPropertyDefaultsPostProcessor : For additional web related logging consider setting the 'logging.level.web' property to 'DEBUG'
2019-01-04 09:10:26.847  INFO 13200 --- [restartedMain] trationDelegate$BeanPostProcessorChecker : Bean 'shiroConfiguration' of type [com.yts.ytsoa.sys.shiro.ShiroConfiguration$$EnhancerBySpringCGLIB$$9495201a] is not eligible for getting processed by all BeanPostProcessors (for example: not eligible for auto-proxying)
2019-01-04 09:10:27.502  INFO 13200 --- [restartedMain] trationDelegate$BeanPostProcessorChecker : Bean 'mybatis-org.mybatis.spring.boot.autoconfigure.MybatisProperties' of type [org.mybatis.spring.boot.autoconfigure.MybatisProperties] is not eligible for getting processed by all BeanPostProcessors (for example: not eligible for auto-proxying)
2019-01-04 09:10:27.522  INFO 13200 --- [restartedMain] trationDelegate$BeanPostProcessorChecker : Bean 'org.mybatis.spring.boot.autoconfigure.MybatisAutoConfiguration' of type [org.mybatis.spring.boot.autoconfigure.MybatisAutoConfiguration$$EnhancerBySpringCGLIB$$7c5bdffb] is not eligible for getting processed by all BeanPostProcessors (for example: not eligible for auto-proxying)
2019-01-04 09:10:27.522  INFO 13200 --- [restartedMain] trationDelegate$BeanPostProcessorChecker : Bean 'org.springframework.boot.autoconfigure.jdbc.DataSourceConfiguration$Hikari' of type [org.springframework.boot.autoconfigure.jdbc.DataSourceConfiguration$Hikari] is not eligible for getting processed by all BeanPostProcessors (for example: not eligible for auto-proxying)
2019-01-04 09:10:27.552  INFO 13200 --- [restartedMain] trationDelegate$BeanPostProcessorChecker : Bean 'spring.datasource-org.springframework.boot.autoconfigure.jdbc.DataSourceProperties' of type [org.springframework.boot.autoconfigure.jdbc.DataSourceProperties] is not eligible for getting processed by all BeanPostProcessors (for example: not eligible for auto-proxying)
2019-01-04 09:10:27.601  INFO 13200 --- [restartedMain] trationDelegate$BeanPostProcessorChecker : Bean 'dataSource' of type [com.zaxxer.hikari.HikariDataSource] is not eligible for getting processed by all BeanPostProcessors (for example: not eligible for auto-proxying)
2019-01-04 09:10:27.714  INFO 13200 --- [restartedMain] trationDelegate$BeanPostProcessorChecker : Bean 'sqlSessionFactory' of type [org.apache.ibatis.session.defaults.DefaultSqlSessionFactory] is not eligible for getting processed by all BeanPostProcessors (for example: not eligible for auto-proxying)
2019-01-04 09:10:27.742  INFO 13200 --- [restartedMain] trationDelegate$BeanPostProcessorChecker : Bean 'sqlSessionTemplate' of type [org.mybatis.spring.SqlSessionTemplate] is not eligible for getting processed by all BeanPostProcessors (for example: not eligible for auto-proxying)
2019-01-04 09:10:28.013  INFO 13200 --- [restartedMain] trationDelegate$BeanPostProcessorChecker : Bean 'accountMapper' of type [org.mybatis.spring.mapper.MapperFactoryBean] is not eligible for getting processed by all BeanPostProcessors (for example: not eligible for auto-proxying)
2019-01-04 09:10:28.017  INFO 13200 --- [restartedMain] trationDelegate$BeanPostProcessorChecker : Bean 'accountMapper' of type [com.sun.proxy.$Proxy67] is not eligible for getting processed by all BeanPostProcessors (for example: not eligible for auto-proxying)
2019-01-04 09:10:28.020  INFO 13200 --- [restartedMain] trationDelegate$BeanPostProcessorChecker : Bean 'accountServiceImpl' of type [com.yts.ytsoa.business.account.service.impl.AccountServiceImpl] is not eligible for getting processed by all BeanPostProcessors (for example: not eligible for auto-proxying)
2019-01-04 09:10:28.055  INFO 13200 --- [restartedMain] trationDelegate$BeanPostProcessorChecker : Bean 'zzQxMapper' of type [org.mybatis.spring.mapper.MapperFactoryBean] is not eligible for getting processed by all BeanPostProcessors (for example: not eligible for auto-proxying)
2019-01-04 09:10:28.062  INFO 13200 --- [restartedMain] trationDelegate$BeanPostProcessorChecker : Bean 'zzQxMapper' of type [com.sun.proxy.$Proxy70] is not eligible for getting processed by all BeanPostProcessors (for example: not eligible for auto-proxying)
2019-01-04 09:10:28.062  INFO 13200 --- [restartedMain] trationDelegate$BeanPostProcessorChecker : Bean 'zzQxServiceImpl' of type [com.yts.ytsoa.business.qxgl.service.impl.ZzQxServiceImpl] is not eligible for getting processed by all BeanPostProcessors (for example: not eligible for auto-proxying)
2019-01-04 09:10:28.062  INFO 13200 --- [restartedMain] trationDelegate$BeanPostProcessorChecker : Bean 'myShiroRealm' of type [com.yts.ytsoa.sys.shiro.MyShiroRealm] is not eligible for getting processed by all BeanPostProcessors (for example: not eligible for auto-proxying)
2019-01-04 09:10:28.066  INFO 13200 --- [restartedMain] trationDelegate$BeanPostProcessorChecker : Bean 'securityManager' of type [org.apache.shiro.web.mgt.DefaultWebSecurityManager] is not eligible for getting processed by all BeanPostProcessors (for example: not eligible for auto-proxying)
2019-01-04 09:10:28.207  INFO 13200 --- [restartedMain] trationDelegate$BeanPostProcessorChecker : Bean 'org.springframework.transaction.annotation.ProxyTransactionManagementConfiguration' of type [org.springframework.transaction.annotation.ProxyTransactionManagementConfiguration$$EnhancerBySpringCGLIB$$49878ecb] is not eligible for getting processed by all BeanPostProcessors (for example: not eligible for auto-proxying)
2019-01-04 09:10:28.249  INFO 13200 --- [restartedMain] trationDelegate$BeanPostProcessorChecker : Bean 'authorizationAttributeSourceAdvisor' of type [org.apache.shiro.spring.security.interceptor.AuthorizationAttributeSourceAdvisor] is not eligible for getting processed by all BeanPostProcessors (for example: not eligible for auto-proxying)
2019-01-04 09:10:29.833  INFO 13200 --- [restartedMain] o.s.b.w.embedded.tomcat.TomcatWebServer  : Tomcat initialized with port(s): 9002 (http)
2019-01-04 09:10:29.889  INFO 13200 --- [restartedMain] o.apache.catalina.core.StandardService   : Starting service [Tomcat]
2019-01-04 09:10:29.890  INFO 13200 --- [restartedMain] org.apache.catalina.core.StandardEngine  : Starting Servlet Engine: Apache Tomcat/9.0.13
2019-01-04 09:10:29.910  INFO 13200 --- [restartedMain] o.a.catalina.core.AprLifecycleListener   : The APR based Apache Tomcat Native library which allows optimal performance in production environments was not found on the java.library.path: [C:\Program Files\Java\jdk1.8.0_191\bin;C:\Windows\Sun\Java\bin;C:\Windows\system32;C:\Windows;C:\Program Files (x86)\Common Files\Oracle\Java\javapath;C:\Windows\system32;C:\Windows;C:\Windows\System32\Wbem;C:\Windows\System32\WindowsPowerShell\v1.0\;C:\Windows\System32\OpenSSH\;C:\Program Files\Java\jdk1.8.0_191\bin;D:\Program Files\apache-maven-3.5.4\bin;C:\Program Files\Git\cmd;C:\Program Files\nodejs\;C:\Program Files\TortoiseSVN\bin;C:\Program Files\MySQL\MySQL Server 8.0\bin;C:\Users\liudo\AppData\Local\Microsoft\WindowsApps;C:\Users\liudo\AppData\Roaming\npm;C:\Program Files (x86)\SSH Communications Security\SSH Secure Shell;.]
2019-01-04 09:10:30.193  INFO 13200 --- [restartedMain] o.a.c.c.C.[Tomcat].[localhost].[/]       : Initializing Spring embedded WebApplicationContext
2019-01-04 09:10:30.193  INFO 13200 --- [restartedMain] o.s.web.context.ContextLoader            : Root WebApplicationContext: initialization completed in 6235 ms
2019-01-04 09:10:30.703  INFO 13200 --- [restartedMain] o.s.s.concurrent.ThreadPoolTaskExecutor  : Initializing ExecutorService 'applicationTaskExecutor'
2019-01-04 09:10:32.752  INFO 13200 --- [restartedMain] o.s.b.d.a.OptionalLiveReloadServer       : LiveReload server is running on port 35729
2019-01-04 09:10:32.876  INFO 13200 --- [restartedMain] o.s.b.w.embedded.tomcat.TomcatWebServer  : Tomcat started on port(s): 9002 (http) with context path ''
2019-01-04 09:10:32.904  INFO 13200 --- [restartedMain] com.yts.ytsoa.YtsoaApplication           : Started YtsoaApplication in 10.191 seconds (JVM running for 12.918)
2019-01-04 09:21:48.093  INFO 13200 --- [http-nio-9002-exec-2] o.a.c.c.C.[Tomcat].[localhost].[/]       : Initializing Spring DispatcherServlet 'dispatcherServlet'
2019-01-04 09:21:48.093  INFO 13200 --- [http-nio-9002-exec-2] o.s.web.servlet.DispatcherServlet        : Initializing Servlet 'dispatcherServlet'
2019-01-04 09:21:48.112  INFO 13200 --- [http-nio-9002-exec-2] o.s.web.servlet.DispatcherServlet        : Completed initialization in 18 ms
2019-01-04 09:21:52.066  INFO 13200 --- [http-nio-9002-exec-3] com.zaxxer.hikari.HikariDataSource       : MyHikariCP - Starting...
2019-01-04 09:21:52.397  INFO 13200 --- [http-nio-9002-exec-3] com.zaxxer.hikari.HikariDataSource       : MyHikariCP - Start completed.
2019-01-04 09:21:52.407 DEBUG 13200 --- [http-nio-9002-exec-3] c.y.y.b.a.m.A.findByAccountAndPassword   : ==>  Preparing: select * from account_table a where a.account = ? 
2019-01-04 09:21:52.433 DEBUG 13200 --- [http-nio-9002-exec-3] c.y.y.b.a.m.A.findByAccountAndPassword   : ==> Parameters: 12345(String)
2019-01-04 09:21:52.478 DEBUG 13200 --- [http-nio-9002-exec-3] c.y.y.b.a.m.A.findByAccountAndPassword   : <==      Total: 1
2019-01-04 09:21:52.766 DEBUG 13200 --- [http-nio-9002-exec-10] c.y.y.b.q.mapper.ZzQxMapper.findByAccid  : ==>  Preparing: select q.* from account_table a left join zz_qx_table z on z.zzid = a.bmid left join qxgl_table q on q.uuid = z.qxid where a.uuid = ? 
2019-01-04 09:21:52.767 DEBUG 13200 --- [http-nio-9002-exec-10] c.y.y.b.q.mapper.ZzQxMapper.findByAccid  : ==> Parameters: 14783736098111e9943900269e9c3a5e(String)
2019-01-04 09:21:52.836 DEBUG 13200 --- [http-nio-9002-exec-10] c.y.y.b.q.mapper.ZzQxMapper.findByAccid  : <==      Total: 14
2019-01-04 09:21:52.838 DEBUG 13200 --- [http-nio-9002-exec-10] c.y.y.b.q.mapper.ZzQxMapper.findByAccid  : ==>  Preparing: select q.* from account_table a left join zz_qx_table z on z.zzid = a.bmid left join qxgl_table q on q.uuid = z.qxid where a.uuid = ? 
2019-01-04 09:21:52.839 DEBUG 13200 --- [http-nio-9002-exec-10] c.y.y.b.q.mapper.ZzQxMapper.findByAccid  : ==> Parameters: 14783736098111e9943900269e9c3a5e(String)
2019-01-04 09:21:52.847 DEBUG 13200 --- [http-nio-9002-exec-10] c.y.y.b.q.mapper.ZzQxMapper.findByAccid  : <==      Total: 14
2019-01-04 09:21:52.877 DEBUG 13200 --- [http-nio-9002-exec-10] c.y.y.b.q.mapper.ZzQxMapper.findByAccid  : ==>  Preparing: select q.* from account_table a left join zz_qx_table z on z.zzid = a.bmid left join qxgl_table q on q.uuid = z.qxid where a.uuid = ? 
2019-01-04 09:21:52.877 DEBUG 13200 --- [http-nio-9002-exec-10] c.y.y.b.q.mapper.ZzQxMapper.findByAccid  : ==> Parameters: 14783736098111e9943900269e9c3a5e(String)
2019-01-04 09:21:52.881 DEBUG 13200 --- [http-nio-9002-exec-10] c.y.y.b.q.mapper.ZzQxMapper.findByAccid  : <==      Total: 14
2019-01-04 09:21:52.882 DEBUG 13200 --- [http-nio-9002-exec-10] c.y.y.b.q.mapper.ZzQxMapper.findByAccid  : ==>  Preparing: select q.* from account_table a left join zz_qx_table z on z.zzid = a.bmid left join qxgl_table q on q.uuid = z.qxid where a.uuid = ? 
2019-01-04 09:21:52.883 DEBUG 13200 --- [http-nio-9002-exec-10] c.y.y.b.q.mapper.ZzQxMapper.findByAccid  : ==> Parameters: 14783736098111e9943900269e9c3a5e(String)
2019-01-04 09:21:52.886 DEBUG 13200 --- [http-nio-9002-exec-10] c.y.y.b.q.mapper.ZzQxMapper.findByAccid  : <==      Total: 14
2019-01-04 09:21:52.888 DEBUG 13200 --- [http-nio-9002-exec-10] c.y.y.b.q.mapper.ZzQxMapper.findByAccid  : ==>  Preparing: select q.* from account_table a left join zz_qx_table z on z.zzid = a.bmid left join qxgl_table q on q.uuid = z.qxid where a.uuid = ? 
2019-01-04 09:21:52.889 DEBUG 13200 --- [http-nio-9002-exec-10] c.y.y.b.q.mapper.ZzQxMapper.findByAccid  : ==> Parameters: 14783736098111e9943900269e9c3a5e(String)
2019-01-04 09:21:52.894 DEBUG 13200 --- [http-nio-9002-exec-10] c.y.y.b.q.mapper.ZzQxMapper.findByAccid  : <==      Total: 14
2019-01-04 09:21:52.896 DEBUG 13200 --- [http-nio-9002-exec-10] c.y.y.b.q.mapper.ZzQxMapper.findByAccid  : ==>  Preparing: select q.* from account_table a left join zz_qx_table z on z.zzid = a.bmid left join qxgl_table q on q.uuid = z.qxid where a.uuid = ? 
2019-01-04 09:21:52.897 DEBUG 13200 --- [http-nio-9002-exec-10] c.y.y.b.q.mapper.ZzQxMapper.findByAccid  : ==> Parameters: 14783736098111e9943900269e9c3a5e(String)
2019-01-04 09:21:52.905 DEBUG 13200 --- [http-nio-9002-exec-10] c.y.y.b.q.mapper.ZzQxMapper.findByAccid  : <==      Total: 14
2019-01-04 09:21:52.909 DEBUG 13200 --- [http-nio-9002-exec-10] c.y.y.b.q.mapper.ZzQxMapper.findByAccid  : ==>  Preparing: select q.* from account_table a left join zz_qx_table z on z.zzid = a.bmid left join qxgl_table q on q.uuid = z.qxid where a.uuid = ? 
2019-01-04 09:21:52.926 DEBUG 13200 --- [http-nio-9002-exec-10] c.y.y.b.q.mapper.ZzQxMapper.findByAccid  : ==> Parameters: 14783736098111e9943900269e9c3a5e(String)
2019-01-04 09:21:52.930 DEBUG 13200 --- [http-nio-9002-exec-10] c.y.y.b.q.mapper.ZzQxMapper.findByAccid  : <==      Total: 14
2019-01-04 09:21:52.932 DEBUG 13200 --- [http-nio-9002-exec-10] c.y.y.b.q.mapper.ZzQxMapper.findByAccid  : ==>  Preparing: select q.* from account_table a left join zz_qx_table z on z.zzid = a.bmid left join qxgl_table q on q.uuid = z.qxid where a.uuid = ? 
2019-01-04 09:21:52.932 DEBUG 13200 --- [http-nio-9002-exec-10] c.y.y.b.q.mapper.ZzQxMapper.findByAccid  : ==> Parameters: 14783736098111e9943900269e9c3a5e(String)
2019-01-04 09:21:52.935 DEBUG 13200 --- [http-nio-9002-exec-10] c.y.y.b.q.mapper.ZzQxMapper.findByAccid  : <==      Total: 14
2019-01-04 09:21:52.937 DEBUG 13200 --- [http-nio-9002-exec-10] c.y.y.b.q.mapper.ZzQxMapper.findByAccid  : ==>  Preparing: select q.* from account_table a left join zz_qx_table z on z.zzid = a.bmid left join qxgl_table q on q.uuid = z.qxid where a.uuid = ? 
2019-01-04 09:21:52.937 DEBUG 13200 --- [http-nio-9002-exec-10] c.y.y.b.q.mapper.ZzQxMapper.findByAccid  : ==> Parameters: 14783736098111e9943900269e9c3a5e(String)
2019-01-04 09:21:52.940 DEBUG 13200 --- [http-nio-9002-exec-10] c.y.y.b.q.mapper.ZzQxMapper.findByAccid  : <==      Total: 14
2019-01-04 09:21:52.941 DEBUG 13200 --- [http-nio-9002-exec-10] c.y.y.b.q.mapper.ZzQxMapper.findByAccid  : ==>  Preparing: select q.* from account_table a left join zz_qx_table z on z.zzid = a.bmid left join qxgl_table q on q.uuid = z.qxid where a.uuid = ? 
2019-01-04 09:21:52.941 DEBUG 13200 --- [http-nio-9002-exec-10] c.y.y.b.q.mapper.ZzQxMapper.findByAccid  : ==> Parameters: 14783736098111e9943900269e9c3a5e(String)
2019-01-04 09:21:52.946 DEBUG 13200 --- [http-nio-9002-exec-10] c.y.y.b.q.mapper.ZzQxMapper.findByAccid  : <==      Total: 14
2019-01-04 09:21:52.947 DEBUG 13200 --- [http-nio-9002-exec-10] c.y.y.b.q.mapper.ZzQxMapper.findByAccid  : ==>  Preparing: select q.* from account_table a left join zz_qx_table z on z.zzid = a.bmid left join qxgl_table q on q.uuid = z.qxid where a.uuid = ? 
2019-01-04 09:21:52.948 DEBUG 13200 --- [http-nio-9002-exec-10] c.y.y.b.q.mapper.ZzQxMapper.findByAccid  : ==> Parameters: 14783736098111e9943900269e9c3a5e(String)
2019-01-04 09:21:52.951 DEBUG 13200 --- [http-nio-9002-exec-10] c.y.y.b.q.mapper.ZzQxMapper.findByAccid  : <==      Total: 14
2019-01-04 09:21:52.952 DEBUG 13200 --- [http-nio-9002-exec-10] c.y.y.b.q.mapper.ZzQxMapper.findByAccid  : ==>  Preparing: select q.* from account_table a left join zz_qx_table z on z.zzid = a.bmid left join qxgl_table q on q.uuid = z.qxid where a.uuid = ? 
2019-01-04 09:21:52.952 DEBUG 13200 --- [http-nio-9002-exec-10] c.y.y.b.q.mapper.ZzQxMapper.findByAccid  : ==> Parameters: 14783736098111e9943900269e9c3a5e(String)
2019-01-04 09:21:52.956 DEBUG 13200 --- [http-nio-9002-exec-10] c.y.y.b.q.mapper.ZzQxMapper.findByAccid  : <==      Total: 14
2019-01-04 09:21:52.958 DEBUG 13200 --- [http-nio-9002-exec-10] c.y.y.b.q.mapper.ZzQxMapper.findByAccid  : ==>  Preparing: select q.* from account_table a left join zz_qx_table z on z.zzid = a.bmid left join qxgl_table q on q.uuid = z.qxid where a.uuid = ? 
2019-01-04 09:21:52.970 DEBUG 13200 --- [http-nio-9002-exec-10] c.y.y.b.q.mapper.ZzQxMapper.findByAccid  : ==> Parameters: 14783736098111e9943900269e9c3a5e(String)
2019-01-04 09:21:52.974 DEBUG 13200 --- [http-nio-9002-exec-10] c.y.y.b.q.mapper.ZzQxMapper.findByAccid  : <==      Total: 14
2019-01-04 09:21:52.978 DEBUG 13200 --- [http-nio-9002-exec-10] c.y.y.b.q.mapper.ZzQxMapper.findByAccid  : ==>  Preparing: select q.* from account_table a left join zz_qx_table z on z.zzid = a.bmid left join qxgl_table q on q.uuid = z.qxid where a.uuid = ? 
2019-01-04 09:21:52.978 DEBUG 13200 --- [http-nio-9002-exec-10] c.y.y.b.q.mapper.ZzQxMapper.findByAccid  : ==> Parameters: 14783736098111e9943900269e9c3a5e(String)
2019-01-04 09:21:52.981 DEBUG 13200 --- [http-nio-9002-exec-10] c.y.y.b.q.mapper.ZzQxMapper.findByAccid  : <==      Total: 14
2019-01-04 09:21:52.983 DEBUG 13200 --- [http-nio-9002-exec-10] c.y.y.b.q.mapper.ZzQxMapper.findByAccid  : ==>  Preparing: select q.* from account_table a left join zz_qx_table z on z.zzid = a.bmid left join qxgl_table q on q.uuid = z.qxid where a.uuid = ? 
2019-01-04 09:21:52.984 DEBUG 13200 --- [http-nio-9002-exec-10] c.y.y.b.q.mapper.ZzQxMapper.findByAccid  : ==> Parameters: 14783736098111e9943900269e9c3a5e(String)
2019-01-04 09:21:52.988 DEBUG 13200 --- [http-nio-9002-exec-10] c.y.y.b.q.mapper.ZzQxMapper.findByAccid  : <==      Total: 14
2019-01-04 09:21:52.994 DEBUG 13200 --- [http-nio-9002-exec-10] c.y.y.b.q.mapper.ZzQxMapper.findByAccid  : ==>  Preparing: select q.* from account_table a left join zz_qx_table z on z.zzid = a.bmid left join qxgl_table q on q.uuid = z.qxid where a.uuid = ? 
2019-01-04 09:21:52.995 DEBUG 13200 --- [http-nio-9002-exec-10] c.y.y.b.q.mapper.ZzQxMapper.findByAccid  : ==> Parameters: 14783736098111e9943900269e9c3a5e(String)
2019-01-04 09:21:52.998 DEBUG 13200 --- [http-nio-9002-exec-10] c.y.y.b.q.mapper.ZzQxMapper.findByAccid  : <==      Total: 14
2019-01-04 09:21:53.000 DEBUG 13200 --- [http-nio-9002-exec-10] c.y.y.b.q.mapper.ZzQxMapper.findByAccid  : ==>  Preparing: select q.* from account_table a left join zz_qx_table z on z.zzid = a.bmid left join qxgl_table q on q.uuid = z.qxid where a.uuid = ? 
2019-01-04 09:21:53.000 DEBUG 13200 --- [http-nio-9002-exec-10] c.y.y.b.q.mapper.ZzQxMapper.findByAccid  : ==> Parameters: 14783736098111e9943900269e9c3a5e(String)
2019-01-04 09:21:53.003 DEBUG 13200 --- [http-nio-9002-exec-10] c.y.y.b.q.mapper.ZzQxMapper.findByAccid  : <==      Total: 14
2019-01-04 09:21:53.006 DEBUG 13200 --- [http-nio-9002-exec-10] c.y.y.b.q.mapper.ZzQxMapper.findByAccid  : ==>  Preparing: select q.* from account_table a left join zz_qx_table z on z.zzid = a.bmid left join qxgl_table q on q.uuid = z.qxid where a.uuid = ? 
2019-01-04 09:21:53.006 DEBUG 13200 --- [http-nio-9002-exec-10] c.y.y.b.q.mapper.ZzQxMapper.findByAccid  : ==> Parameters: 14783736098111e9943900269e9c3a5e(String)
2019-01-04 09:21:53.009 DEBUG 13200 --- [http-nio-9002-exec-10] c.y.y.b.q.mapper.ZzQxMapper.findByAccid  : <==      Total: 14
2019-01-04 09:21:53.012 DEBUG 13200 --- [http-nio-9002-exec-10] c.y.y.b.q.mapper.ZzQxMapper.findByAccid  : ==>  Preparing: select q.* from account_table a left join zz_qx_table z on z.zzid = a.bmid left join qxgl_table q on q.uuid = z.qxid where a.uuid = ? 
2019-01-04 09:21:53.016 DEBUG 13200 --- [http-nio-9002-exec-10] c.y.y.b.q.mapper.ZzQxMapper.findByAccid  : ==> Parameters: 14783736098111e9943900269e9c3a5e(String)
2019-01-04 09:21:53.019 DEBUG 13200 --- [http-nio-9002-exec-10] c.y.y.b.q.mapper.ZzQxMapper.findByAccid  : <==      Total: 14
2019-01-04 09:21:53.021 DEBUG 13200 --- [http-nio-9002-exec-10] c.y.y.b.q.mapper.ZzQxMapper.findByAccid  : ==>  Preparing: select q.* from account_table a left join zz_qx_table z on z.zzid = a.bmid left join qxgl_table q on q.uuid = z.qxid where a.uuid = ? 
2019-01-04 09:21:53.021 DEBUG 13200 --- [http-nio-9002-exec-10] c.y.y.b.q.mapper.ZzQxMapper.findByAccid  : ==> Parameters: 14783736098111e9943900269e9c3a5e(String)
2019-01-04 09:21:53.031 DEBUG 13200 --- [http-nio-9002-exec-10] c.y.y.b.q.mapper.ZzQxMapper.findByAccid  : <==      Total: 14
2019-01-04 09:21:53.042 DEBUG 13200 --- [http-nio-9002-exec-10] c.y.y.b.q.mapper.ZzQxMapper.findByAccid  : ==>  Preparing: select q.* from account_table a left join zz_qx_table z on z.zzid = a.bmid left join qxgl_table q on q.uuid = z.qxid where a.uuid = ? 
2019-01-04 09:21:53.042 DEBUG 13200 --- [http-nio-9002-exec-10] c.y.y.b.q.mapper.ZzQxMapper.findByAccid  : ==> Parameters: 14783736098111e9943900269e9c3a5e(String)
2019-01-04 09:21:53.046 DEBUG 13200 --- [http-nio-9002-exec-10] c.y.y.b.q.mapper.ZzQxMapper.findByAccid  : <==      Total: 14
2019-01-04 09:21:53.047 DEBUG 13200 --- [http-nio-9002-exec-10] c.y.y.b.q.mapper.ZzQxMapper.findByAccid  : ==>  Preparing: select q.* from account_table a left join zz_qx_table z on z.zzid = a.bmid left join qxgl_table q on q.uuid = z.qxid where a.uuid = ? 
2019-01-04 09:21:53.048 DEBUG 13200 --- [http-nio-9002-exec-10] c.y.y.b.q.mapper.ZzQxMapper.findByAccid  : ==> Parameters: 14783736098111e9943900269e9c3a5e(String)
2019-01-04 09:21:53.057 DEBUG 13200 --- [http-nio-9002-exec-10] c.y.y.b.q.mapper.ZzQxMapper.findByAccid  : <==      Total: 14
2019-01-04 09:21:53.058 DEBUG 13200 --- [http-nio-9002-exec-10] c.y.y.b.q.mapper.ZzQxMapper.findByAccid  : ==>  Preparing: select q.* from account_table a left join zz_qx_table z on z.zzid = a.bmid left join qxgl_table q on q.uuid = z.qxid where a.uuid = ? 
2019-01-04 09:21:53.059 DEBUG 13200 --- [http-nio-9002-exec-10] c.y.y.b.q.mapper.ZzQxMapper.findByAccid  : ==> Parameters: 14783736098111e9943900269e9c3a5e(String)
2019-01-04 09:21:53.061 DEBUG 13200 --- [http-nio-9002-exec-10] c.y.y.b.q.mapper.ZzQxMapper.findByAccid  : <==      Total: 14
2019-01-04 09:21:53.064 DEBUG 13200 --- [http-nio-9002-exec-10] c.y.y.b.q.mapper.ZzQxMapper.findByAccid  : ==>  Preparing: select q.* from account_table a left join zz_qx_table z on z.zzid = a.bmid left join qxgl_table q on q.uuid = z.qxid where a.uuid = ? 
2019-01-04 09:21:53.064 DEBUG 13200 --- [http-nio-9002-exec-10] c.y.y.b.q.mapper.ZzQxMapper.findByAccid  : ==> Parameters: 14783736098111e9943900269e9c3a5e(String)
2019-01-04 09:21:53.068 DEBUG 13200 --- [http-nio-9002-exec-10] c.y.y.b.q.mapper.ZzQxMapper.findByAccid  : <==      Total: 14
2019-01-04 09:22:05.042 DEBUG 13200 --- [http-nio-9002-exec-9] c.y.y.b.q.mapper.ZzQxMapper.findByAccid  : ==>  Preparing: select q.* from account_table a left join zz_qx_table z on z.zzid = a.bmid left join qxgl_table q on q.uuid = z.qxid where a.uuid = ? 
2019-01-04 09:22:05.043 DEBUG 13200 --- [http-nio-9002-exec-9] c.y.y.b.q.mapper.ZzQxMapper.findByAccid  : ==> Parameters: 14783736098111e9943900269e9c3a5e(String)
2019-01-04 09:22:05.046 DEBUG 13200 --- [http-nio-9002-exec-9] c.y.y.b.q.mapper.ZzQxMapper.findByAccid  : <==      Total: 14
2019-01-04 09:22:05.048 DEBUG 13200 --- [http-nio-9002-exec-9] c.y.y.b.q.mapper.ZzQxMapper.findByAccid  : ==>  Preparing: select q.* from account_table a left join zz_qx_table z on z.zzid = a.bmid left join qxgl_table q on q.uuid = z.qxid where a.uuid = ? 
2019-01-04 09:22:05.048 DEBUG 13200 --- [http-nio-9002-exec-9] c.y.y.b.q.mapper.ZzQxMapper.findByAccid  : ==> Parameters: 14783736098111e9943900269e9c3a5e(String)
2019-01-04 09:22:05.050 DEBUG 13200 --- [http-nio-9002-exec-9] c.y.y.b.q.mapper.ZzQxMapper.findByAccid  : <==      Total: 14
2019-01-04 09:22:05.051 DEBUG 13200 --- [http-nio-9002-exec-9] c.y.y.b.q.mapper.ZzQxMapper.findByAccid  : ==>  Preparing: select q.* from account_table a left join zz_qx_table z on z.zzid = a.bmid left join qxgl_table q on q.uuid = z.qxid where a.uuid = ? 
2019-01-04 09:22:05.052 DEBUG 13200 --- [http-nio-9002-exec-9] c.y.y.b.q.mapper.ZzQxMapper.findByAccid  : ==> Parameters: 14783736098111e9943900269e9c3a5e(String)
2019-01-04 09:22:05.058 DEBUG 13200 --- [http-nio-9002-exec-9] c.y.y.b.q.mapper.ZzQxMapper.findByAccid  : <==      Total: 14
2019-01-04 09:22:05.180 DEBUG 13200 --- [http-nio-9002-exec-7] c.y.y.b.a.m.AccountMapper.findAll_COUNT  : ==>  Preparing: SELECT count(0) FROM account_table a LEFT OUTER JOIN zzjg_table z ON z.uuid = a.bmid 
2019-01-04 09:22:05.180 DEBUG 13200 --- [http-nio-9002-exec-7] c.y.y.b.a.m.AccountMapper.findAll_COUNT  : ==> Parameters: 
2019-01-04 09:22:05.211 DEBUG 13200 --- [http-nio-9002-exec-7] c.y.y.b.a.m.AccountMapper.findAll_COUNT  : <==      Total: 1
2019-01-04 09:22:05.213 DEBUG 13200 --- [http-nio-9002-exec-7] c.y.y.b.a.mapper.AccountMapper.findAll   : ==>  Preparing: SELECT a.*,z.zzjgmc FROM account_table a LEFT OUTER JOIN zzjg_table z on z.uuid = a.bmid LIMIT ? 
2019-01-04 09:22:05.214 DEBUG 13200 --- [http-nio-9002-exec-7] c.y.y.b.a.mapper.AccountMapper.findAll   : ==> Parameters: 15(Integer)
2019-01-04 09:22:05.218 DEBUG 13200 --- [http-nio-9002-exec-7] c.y.y.b.a.mapper.AccountMapper.findAll   : <==      Total: 3
